#
# There is insufficient memory for the Java Runtime Environment to continue.
# Native memory allocation (mmap) failed to map 134217728 bytes for Failed to commit area from 0x0000000081600000 to 0x0000000089600000 of length 134217728.
# Possible reasons:
#   The system is out of physical RAM or swap space
#   The process is running with CompressedOops enabled, and the Java Heap may be blocking the growth of the native heap
# Possible solutions:
#   Reduce memory load on the system
#   Increase physical memory or swap space
#   Check if swap backing store is full
#   Decrease Java heap size (-Xmx/-Xms)
#   Decrease number of Java threads
#   Decrease Java thread stack sizes (-Xss)
#   Set larger code cache with -XX:ReservedCodeCacheSize=
# This output file may be truncated or incomplete.
#
#  Out of Memory Error (t:/workspace/open/src/hotspot/os/windows/os_windows.cpp:3301), pid=7648, tid=552
#
# JRE version:  (13.0.2+8) (build )
# Java VM: Java HotSpot(TM) 64-Bit Server VM (13.0.2+8, mixed mode, aot, sharing, tiered, compressed oops, g1 gc, windows-amd64)
# No core dump will be written. Minidumps are not enabled by default on client versions of Windows
#

---------------  S U M M A R Y ------------

Command Line: -Dcom.sun.management.jmxremote -Dcom.sun.management.jmxremote.port=59848 -Dcom.sun.management.jmxremote.authenticate=false -Dcom.sun.management.jmxremote.ssl=false -Djava.rmi.server.hostname=localhost -Dspring.application.admin.enabled=true -Dspring.jmx.enabled=true -Dfile.encoding=UTF-8 com.hifive.songgame.DemoApplication

Host: Intel(R) Core(TM) i5-4310U CPU @ 2.00GHz, 4 cores, 7G,  Windows 10 , 64 bit Build 18362 (10.0.18362.959)
Time: Fri Aug 14 11:27:00 2020 Eastern Daylight Time elapsed time: 0 seconds (0d 0h 0m 0s)

---------------  T H R E A D  ---------------

Current thread (0x000001f821de8000):  JavaThread "Unknown thread" [_thread_in_vm, id=552, stack(0x00000041bb400000,0x00000041bb500000)]

Stack: [0x00000041bb400000,0x00000041bb500000]
Native frames: (J=compiled Java code, j=interpreted, Vv=VM code, C=native code)
V  [jvm.dll+0x624f9a]
V  [jvm.dll+0x770cfa]
V  [jvm.dll+0x7724af]
V  [jvm.dll+0x772ab3]
V  [jvm.dll+0x24bf08]
V  [jvm.dll+0x6222aa]
V  [jvm.dll+0x6170b5]
V  [jvm.dll+0x30a88c]
V  [jvm.dll+0x30a6c2]
V  [jvm.dll+0x30fe36]
V  [jvm.dll+0x353f46]
V  [jvm.dll+0x353720]
V  [jvm.dll+0x2e550a]
V  [jvm.dll+0x2e67a2]
V  [jvm.dll+0x74dd78]
V  [jvm.dll+0x361989]
V  [jvm.dll+0x730e65]
V  [jvm.dll+0x3cc53f]
V  [jvm.dll+0x3ce861]
C  [jli.dll+0x51ff]
C  [ucrtbase.dll+0x20e82]
C  [KERNEL32.DLL+0x17bd4]
C  [ntdll.dll+0x6ce51]


---------------  P R O C E S S  ---------------

Threads class SMR info:
_java_thread_list=0x00007ffa0142ccb8, length=0, elements={
}

Java Threads: ( => current thread )

Other Threads:
  0x000001f821e2d000 GCTaskThread "GC Thread#0" [stack: 0x00000041bb500000,0x00000041bb600000] [id=13740]
  0x000001f821e3e800 ConcurrentGCThread "G1 Main Marker" [stack: 0x00000041bb600000,0x00000041bb700000] [id=15432]
  0x000001f821e40000 ConcurrentGCThread "G1 Conc#0" [stack: 0x00000041bb700000,0x00000041bb800000] [id=15372]

[error occurred during error reporting (printing all threads), id 0xc0000005, EXCEPTION_ACCESS_VIOLATION (0xc0000005) at pc=0x00007ffa00c651d7]

VM state:not at safepoint (not fully initialized)

VM Mutex/Monitor currently owned by a thread:  ([mutex/lock_event])
[0x000001f821de45f0] Heap_lock - owner thread: 0x000001f821de8000

Heap address: 0x0000000081600000, size: 2026 MB, Compressed Oops mode: Non-zero based: 0x0000000081600000
Narrow klass base: 0x0000000000000000, Narrow klass shift: 0

GC Heap History (0 events):
No events

Deoptimization events (0 events):
No events

Classes unloaded (0 events):
No events

Classes redefined (0 events):
No events

Internal exceptions (0 events):
No events

Events (8 events):
Event: 0.012 Loaded shared library C:\Program Files\Java\jdk-13.0.2\bin\zip.dll
Event: 0.013 Loaded shared library C:\Program Files\Java\jdk-13.0.2\bin\jimage.dll
Event: 0.019 Loading shared library C:\Program Files\Java\jdk-13.0.2\lib\libjava.base-coop.dll failed, error code 126
Event: 0.019 Loading shared library C:\Program Files\Java\jdk-13.0.2\lib\libjava.logging-coop.dll failed, error code 126
Event: 0.019 Loading shared library C:\Program Files\Java\jdk-13.0.2\lib\libjdk.compiler-coop.dll failed, error code 126
Event: 0.019 Loading shared library C:\Program Files\Java\jdk-13.0.2\lib\libjdk.scripting.nashorn-coop.dll failed, error code 126
Event: 0.020 Loading shared library C:\Program Files\Java\jdk-13.0.2\lib\libjdk.internal.vm.ci-coop.dll failed, error code 126
Event: 0.020 Loading shared library C:\Program Files\Java\jdk-13.0.2\lib\libjdk.internal.vm.compiler-coop.dll failed, error code 126


Dynamic libraries:
0x00007ff651c80000 - 0x00007ff651c8f000 	C:\Program Files\Java\jdk-13.0.2\bin\java.exe
0x00007ffa4e580000 - 0x00007ffa4e770000 	C:\WINDOWS\SYSTEM32\ntdll.dll
0x00007ffa4d020000 - 0x00007ffa4d0d2000 	C:\WINDOWS\System32\KERNEL32.DLL
0x00007ffa4b960000 - 0x00007ffa4bc04000 	C:\WINDOWS\System32\KERNELBASE.dll
0x00007ffa4b610000 - 0x00007ffa4b70a000 	C:\WINDOWS\System32\ucrtbase.dll
0x00007ffa3cdf0000 - 0x00007ffa3ce08000 	C:\Program Files\Java\jdk-13.0.2\bin\jli.dll
0x00007ffa4d260000 - 0x00007ffa4d303000 	C:\WINDOWS\System32\ADVAPI32.dll
0x00007ffa4e4a0000 - 0x00007ffa4e53e000 	C:\WINDOWS\System32\msvcrt.dll
0x00007ffa4d790000 - 0x00007ffa4d827000 	C:\WINDOWS\System32\sechost.dll
0x00007ffa4d0e0000 - 0x00007ffa4d200000 	C:\WINDOWS\System32\RPCRT4.dll
0x00007ffa4cae0000 - 0x00007ffa4cc75000 	C:\WINDOWS\System32\USER32.dll
0x00007ffa4b930000 - 0x00007ffa4b951000 	C:\WINDOWS\System32\win32u.dll
0x00007ffa4c7e0000 - 0x00007ffa4c806000 	C:\WINDOWS\System32\GDI32.dll
0x00007ffa4bc10000 - 0x00007ffa4bda6000 	C:\WINDOWS\System32\gdi32full.dll
0x00007ffa4b860000 - 0x00007ffa4b8fe000 	C:\WINDOWS\System32\msvcp_win.dll
0x00007ffa3c050000 - 0x00007ffa3c065000 	C:\Program Files\Java\jdk-13.0.2\bin\VCRUNTIME140.dll
0x00007ffa43a20000 - 0x00007ffa43ca4000 	C:\WINDOWS\WinSxS\amd64_microsoft.windows.common-controls_6595b64144ccf1df_6.0.18362.1016_none_9e7a36bbe461dae4\COMCTL32.dll
0x00007ffa4d310000 - 0x00007ffa4d645000 	C:\WINDOWS\System32\combase.dll
0x00007ffa4bdd0000 - 0x00007ffa4be50000 	C:\WINDOWS\System32\bcryptPrimitives.dll
0x00007ffa44ef0000 - 0x00007ffa44efa000 	C:\WINDOWS\SYSTEM32\VERSION.dll
0x00007ffa4c700000 - 0x00007ffa4c72e000 	C:\WINDOWS\System32\IMM32.DLL
0x00007ffa3a840000 - 0x00007ffa3a8db000 	C:\Program Files\Java\jdk-13.0.2\bin\msvcp140.dll
0x00007ffa00970000 - 0x00007ffa014cd000 	C:\Program Files\Java\jdk-13.0.2\bin\server\jvm.dll
0x00007ffa4cc80000 - 0x00007ffa4cc88000 	C:\WINDOWS\System32\PSAPI.DLL
0x00007ffa3d820000 - 0x00007ffa3d829000 	C:\WINDOWS\SYSTEM32\WSOCK32.dll
0x00007ffa4c810000 - 0x00007ffa4c87f000 	C:\WINDOWS\System32\WS2_32.dll
0x00007ffa44dc0000 - 0x00007ffa44de4000 	C:\WINDOWS\SYSTEM32\WINMM.dll
0x00007ffa44af0000 - 0x00007ffa44b1d000 	C:\WINDOWS\SYSTEM32\WINMMBASE.dll
0x00007ffa4be50000 - 0x00007ffa4be9a000 	C:\WINDOWS\System32\cfgmgr32.dll
0x00007ffa4b440000 - 0x00007ffa4b451000 	C:\WINDOWS\System32\kernel.appcore.dll
0x00007ffa44710000 - 0x00007ffa44720000 	C:\Program Files\Java\jdk-13.0.2\bin\verify.dll
0x00007ffa458e0000 - 0x00007ffa45ad4000 	C:\WINDOWS\SYSTEM32\DBGHELP.DLL
0x00007ffa45790000 - 0x00007ffa457ba000 	C:\WINDOWS\SYSTEM32\dbgcore.DLL
0x00007ffa3a540000 - 0x00007ffa3a566000 	C:\Program Files\Java\jdk-13.0.2\bin\java.dll
0x00007ffa31f50000 - 0x00007ffa31f67000 	C:\Program Files\Java\jdk-13.0.2\bin\zip.dll
0x00007ffa44500000 - 0x00007ffa4450a000 	C:\Program Files\Java\jdk-13.0.2\bin\jimage.dll

dbghelp: loaded successfully - version: 4.0.5 - missing functions: none
symbol engine: initialized successfully - sym options: 0x614 - pdb path: .;C:\Program Files\Java\jdk-13.0.2\bin;C:\WINDOWS\SYSTEM32;C:\WINDOWS\WinSxS\amd64_microsoft.windows.common-controls_6595b64144ccf1df_6.0.18362.1016_none_9e7a36bbe461dae4;C:\Program Files\Java\jdk-13.0.2\bin\server

VM Arguments:
jvm_args: -Dcom.sun.management.jmxremote -Dcom.sun.management.jmxremote.port=59848 -Dcom.sun.management.jmxremote.authenticate=false -Dcom.sun.management.jmxremote.ssl=false -Djava.rmi.server.hostname=localhost -Dspring.application.admin.enabled=true -Dspring.jmx.enabled=true -Dfile.encoding=UTF-8 
java_command: com.hifive.songgame.DemoApplication
java_class_path (initial): C:\Users\admin\Documents\HW stuff\Capstone\Hi-5-Capstone-Project\songgame\target\classes;C:\Users\admin\.m2\repository\org\springframework\boot\spring-boot-starter-data-jpa\2.3.2.RELEASE\spring-boot-starter-data-jpa-2.3.2.RELEASE.jar;C:\Users\admin\.m2\repository\org\springframework\boot\spring-boot-starter-aop\2.3.2.RELEASE\spring-boot-starter-aop-2.3.2.RELEASE.jar;C:\Users\admin\.m2\repository\org\springframework\spring-aop\5.2.8.RELEASE\spring-aop-5.2.8.RELEASE.jar;C:\Users\admin\.m2\repository\org\aspectj\aspectjweaver\1.9.6\aspectjweaver-1.9.6.jar;C:\Users\admin\.m2\repository\jakarta\transaction\jakarta.transaction-api\1.3.3\jakarta.transaction-api-1.3.3.jar;C:\Users\admin\.m2\repository\jakarta\persistence\jakarta.persistence-api\2.2.3\jakarta.persistence-api-2.2.3.jar;C:\Users\admin\.m2\repository\org\hibernate\hibernate-core\5.4.18.Final\hibernate-core-5.4.18.Final.jar;C:\Users\admin\.m2\repository\org\jboss\logging\jboss-logging\3.4.1.Final\jboss-logging-3.4.1.Final.jar;C:\Users\admin\.m2\repository\org\javassist\javassist\3.24.0-GA\javassist-3.24.0-GA.jar;C:\Users\admin\.m2\repository\net\bytebuddy\byte-buddy\1.10.13\byte-buddy-1.10.13.jar;C:\Users\admin\.m2\repository\antlr\antlr\2.7.7\antlr-2.7.7.jar;C:\Users\admin\.m2\repository\org\jboss\jandex\2.1.3.Final\jandex-2.1.3.Final.jar;C:\Users\admin\.m2\repository\com\fasterxml\classmate\1.5.1\classmate-1.5.1.jar;C:\Users\admin\.m2\repository\org\dom4j\dom4j\2.1.3\dom4j-2.1.3.jar;C:\Users\admin\.m2\repository\org\hibernate\common\hibernate-commons-annotations\5.1.0.Final\hibernate-commons-annotations-5.1.0.Final.jar;C:\Users\admin\.m2\repository\org\glassfish\jaxb\jaxb-runtime\2.3.3\jaxb-runtime-2.3.3.jar;C:\Users\admin\.m2\repository\org\glassfish\jaxb\txw2\2.3.3\txw2-2.3.3.jar;C:\Users\admin\.m2\repository\com\sun\istack\istack-commons-runtime\3.0.11\istack-commons-runtime-3.0.11.jar;C:\Users\admin\.m2\repository\com\sun\activation\jakarta.activation\1.2.2\jakarta.activation-1
Launcher Type: SUN_STANDARD

[Global flags]
     intx CICompilerCount                          = 3                                         {product} {ergonomic}
     uint ConcGCThreads                            = 1                                         {product} {ergonomic}
     uint G1ConcRefinementThreads                  = 4                                         {product} {ergonomic}
   size_t G1HeapRegionSize                         = 1048576                                   {product} {ergonomic}
    uintx GCDrainStackTargetSize                   = 64                                        {product} {ergonomic}
   size_t InitialHeapSize                          = 134217728                                 {product} {ergonomic}
     bool ManagementServer                         = true                                      {product} {command line}
   size_t MarkStackSize                            = 4194304                                   {product} {ergonomic}
   size_t MaxHeapSize                              = 2124414976                                {product} {ergonomic}
   size_t MinHeapDeltaBytes                        = 1048576                                   {product} {ergonomic}
   size_t MinHeapSize                              = 8388608                                   {product} {ergonomic}
    uintx NonNMethodCodeHeapSize                   = 5832780                                {pd product} {ergonomic}
    uintx NonProfiledCodeHeapSize                  = 122912730                              {pd product} {ergonomic}
    uintx ProfiledCodeHeapSize                     = 122912730                              {pd product} {ergonomic}
    uintx ReservedCodeCacheSize                    = 251658240                              {pd product} {ergonomic}
     bool SegmentedCodeCache                       = true                                      {product} {ergonomic}
   size_t SoftMaxHeapSize                          = 2124414976                             {manageable} {ergonomic}
     bool UseCompressedClassPointers               = true                                 {lp64_product} {ergonomic}
     bool UseCompressedOops                        = true                                 {lp64_product} {ergonomic}
     bool UseG1GC                                  = true                                      {product} {ergonomic}
     bool UseLargePagesIndividualAllocation        = false                                  {pd product} {ergonomic}

Logging:
Log output configuration:
 #0: stdout all=warning uptime,level,tags
 #1: stderr all=off uptime,level,tags

Environment Variables:
JAVA_HOME=C:\Program Files\Java\jdk-13.0.2
PATH=C:\Program Files (x86)\Common Files\Oracle\Java\javapath;C:\Program Files\Java\jdk-13.0.2\bin;C:\ProgramData\Oracle\Java\javapath;C:\WINDOWS\system32;C:\WINDOWS;C:\WINDOWS\System32\Wbem;C:\WINDOWS\System32\WindowsPowerShell\v1.0\;C:\Program Files\Intel\WiFi\bin\;C:\Program Files\Common Files\Intel\WirelessCommon\;C:\Program Files (x86)\Skype\Phone\;C:\WINDOWS\System32\OpenSSH\;C:\Program Files (x86)\AMD\ATI.ACE\Core-Static;C:\Program Files\nodejs\;C:\Program Files\Git\cmd;C:\Users\admin\AppData\Local\Microsoft\WindowsApps;C:\Program Files\Intel\WiFi\bin\;C:\Program Files\Common Files\Intel\WirelessCommon\;;C:\Users\admin\AppData\Local\Programs\Microsoft VS Code\bin;C:\Users\admin\AppData\Roaming\npm;C:\Program Files\IBM\Cloud\bin
USERNAME=admin
OS=Windows_NT
PROCESSOR_IDENTIFIER=Intel64 Family 6 Model 69 Stepping 1, GenuineIntel



---------------  S Y S T E M  ---------------

OS: Windows 10 , 64 bit Build 18362 (10.0.18362.959)

CPU:total 4 (initial active 4) (2 cores per cpu, 2 threads per core) family 6 model 69 stepping 1, cmov, cx8, fxsr, mmx, sse, sse2, sse3, ssse3, sse4.1, sse4.2, popcnt, avx, avx2, aes, clmul, erms, lzcnt, ht, tsc, tscinvbit, bmi1, bmi2, fma

Memory: 4k page, system-wide physical 8097M (1038M free)
TotalPageFile size 10135M (AvailPageFile size 39M)
current process WorkingSet (physical memory assigned to process): 10M, peak: 10M
current process commit charge ("private bytes"): 52M, peak: 180M

vm_info: Java HotSpot(TM) 64-Bit Server VM (13.0.2+8) for windows-amd64 JRE (13.0.2+8), built on Dec 11 2019 09:20:33 by "mach5one" with unknown MS VC++:1916

END.
