#
# There is insufficient memory for the Java Runtime Environment to continue.
# Native memory allocation (malloc) failed to allocate 32744 bytes for ChunkPool::allocate
# Possible reasons:
#   The system is out of physical RAM or swap space
#   The process is running with CompressedOops enabled, and the Java Heap may be blocking the growth of the native heap
# Possible solutions:
#   Reduce memory load on the system
#   Increase physical memory or swap space
#   Check if swap backing store is full
#   Decrease Java heap size (-Xmx/-Xms)
#   Decrease number of Java threads
#   Decrease Java thread stack sizes (-Xss)
#   Set larger code cache with -XX:ReservedCodeCacheSize=
#   JVM is running with Unscaled Compressed Oops mode in which the Java heap is
#     placed in the first 4GB address space. The Java Heap base address is the
#     maximum limit for the native heap growth. Please use -XX:HeapBaseMinAddress
#     to set the Java Heap base and to place the Java Heap above 4GB virtual address.
# This output file may be truncated or incomplete.
#
#  Out of Memory Error (t:/workspace/open/src/hotspot/share/memory/arena.cpp:80), pid=14772, tid=16160
#
# JRE version: Java(TM) SE Runtime Environment (13.0.2+8) (build 13.0.2+8)
# Java VM: Java HotSpot(TM) 64-Bit Server VM (13.0.2+8, mixed mode, sharing, tiered, compressed oops, g1 gc, windows-amd64)
# No core dump will be written. Minidumps are not enabled by default on client versions of Windows
#

---------------  S U M M A R Y ------------

Command Line: -Dcom.sun.management.jmxremote -Dcom.sun.management.jmxremote.port=58323 -Dcom.sun.management.jmxremote.authenticate=false -Dcom.sun.management.jmxremote.ssl=false -Djava.rmi.server.hostname=localhost -Dspring.application.admin.enabled=true -Dspring.jmx.enabled=true -Dfile.encoding=UTF-8 com.hifive.songgame.DemoApplication

Host: Intel(R) Core(TM) i5-4310U CPU @ 2.00GHz, 4 cores, 7G,  Windows 10 , 64 bit Build 18362 (10.0.18362.959)
Time: Tue Aug 18 11:20:09 2020 Eastern Daylight Time elapsed time: 9144 seconds (0d 2h 32m 24s)

---------------  T H R E A D  ---------------

Current thread (0x000001ed74b17000):  JavaThread "C2 CompilerThread0" daemon [_thread_in_native, id=16160, stack(0x0000001f32300000,0x0000001f32400000)]


Current CompileTask:
C2:9144778 5366       4       org.springframework.core.ResolvableType::resolveClass (73 bytes)

Stack: [0x0000001f32300000,0x0000001f32400000]
Native frames: (J=compiled Java code, j=interpreted, Vv=VM code, C=native code)
V  [jvm.dll+0x624f9a]
V  [jvm.dll+0x770cfa]
V  [jvm.dll+0x7724af]
V  [jvm.dll+0x772ab3]
V  [jvm.dll+0x24bf08]
V  [jvm.dll+0xc2076]
V  [jvm.dll+0xc23cc]
V  [jvm.dll+0x33e0d5]
V  [jvm.dll+0x341714]
V  [jvm.dll+0x646556]
V  [jvm.dll+0x64209a]
V  [jvm.dll+0x639cdf]
V  [jvm.dll+0x63931c]
V  [jvm.dll+0x6371bd]
V  [jvm.dll+0x18c4cc]
V  [jvm.dll+0x2bcce6]
V  [jvm.dll+0x642044]
V  [jvm.dll+0x639cdf]
V  [jvm.dll+0x63931c]
V  [jvm.dll+0x6371bd]
V  [jvm.dll+0x18c4cc]
V  [jvm.dll+0x2bcce6]
V  [jvm.dll+0x642044]
V  [jvm.dll+0x639cdf]
V  [jvm.dll+0x63931c]
V  [jvm.dll+0x6371bd]
V  [jvm.dll+0x18c4cc]
V  [jvm.dll+0x2bcce6]
V  [jvm.dll+0x642044]
V  [jvm.dll+0x639cdf]
V  [jvm.dll+0x63931c]
V  [jvm.dll+0x6371bd]
V  [jvm.dll+0x18c4cc]
V  [jvm.dll+0x2bcce6]
V  [jvm.dll+0x642044]
V  [jvm.dll+0x639cdf]
V  [jvm.dll+0x63931c]
V  [jvm.dll+0x6371bd]
V  [jvm.dll+0x18c4cc]
V  [jvm.dll+0x2bcce6]
V  [jvm.dll+0x642044]
V  [jvm.dll+0x639cdf]
V  [jvm.dll+0x63931c]
V  [jvm.dll+0x6371bd]
V  [jvm.dll+0x18c4cc]
V  [jvm.dll+0x2bcce6]
V  [jvm.dll+0x642044]
V  [jvm.dll+0x639cdf]
V  [jvm.dll+0x63931c]
V  [jvm.dll+0x6371bd]
V  [jvm.dll+0x18c4cc]
V  [jvm.dll+0x2bcce6]
V  [jvm.dll+0x642044]
V  [jvm.dll+0x639cdf]
V  [jvm.dll+0x63931c]
V  [jvm.dll+0x6371bd]
V  [jvm.dll+0x18c4cc]
V  [jvm.dll+0x2bcce6]
V  [jvm.dll+0x642044]
V  [jvm.dll+0x639cdf]
V  [jvm.dll+0x63931c]
V  [jvm.dll+0x6371bd]
V  [jvm.dll+0x18c4cc]
V  [jvm.dll+0x2bcce6]
V  [jvm.dll+0x642044]
V  [jvm.dll+0x639cdf]
V  [jvm.dll+0x63931c]
V  [jvm.dll+0x6371bd]
V  [jvm.dll+0x18c4cc]
V  [jvm.dll+0x2bcce6]
V  [jvm.dll+0x642044]
V  [jvm.dll+0x639cdf]
V  [jvm.dll+0x63931c]
V  [jvm.dll+0x6371bd]
V  [jvm.dll+0x18c4cc]
V  [jvm.dll+0x204ac3]
V  [jvm.dll+0x189c2c]
V  [jvm.dll+0x213e6d]
V  [jvm.dll+0x2120bb]
V  [jvm.dll+0x736bb6]
V  [jvm.dll+0x72fcaa]
V  [jvm.dll+0x623ea6]
C  [ucrtbase.dll+0x20e82]
C  [KERNEL32.DLL+0x17bd4]
C  [ntdll.dll+0x6ce51]


---------------  P R O C E S S  ---------------

Threads class SMR info:
_java_thread_list=0x000001ed7b621c80, length=19, elements={
0x000001ed74afa000, 0x000001ed74aff000, 0x000001ed74b11800, 0x000001ed74b15800,
0x000001ed74b17000, 0x000001ed74b1e000, 0x000001ed75458800, 0x000001ed74ada000,
0x000001ed755a2000, 0x000001ed75b42800, 0x000001ed75af8000, 0x000001ed75b56800,
0x000001ed78382000, 0x000001ed785b0000, 0x000001ed77fb6800, 0x000001ed797f5800,
0x000001ed7b5cc000, 0x000001ed7b5c7000, 0x000001ed7a082800
}

Java Threads: ( => current thread )
  0x000001ed74afa000 JavaThread "Reference Handler" daemon [_thread_blocked, id=14908, stack(0x0000001f31f00000,0x0000001f32000000)]
  0x000001ed74aff000 JavaThread "Finalizer" daemon [_thread_blocked, id=6980, stack(0x0000001f32000000,0x0000001f32100000)]
  0x000001ed74b11800 JavaThread "Signal Dispatcher" daemon [_thread_blocked, id=15132, stack(0x0000001f32100000,0x0000001f32200000)]
  0x000001ed74b15800 JavaThread "Attach Listener" daemon [_thread_blocked, id=13976, stack(0x0000001f32200000,0x0000001f32300000)]
=>0x000001ed74b17000 JavaThread "C2 CompilerThread0" daemon [_thread_in_native, id=16160, stack(0x0000001f32300000,0x0000001f32400000)]
  0x000001ed74b1e000 JavaThread "C1 CompilerThread0" daemon [_thread_in_vm, id=14316, stack(0x0000001f32400000,0x0000001f32500000)]
  0x000001ed75458800 JavaThread "Sweeper thread" daemon [_thread_blocked, id=9580, stack(0x0000001f32500000,0x0000001f32600000)]
  0x000001ed74ada000 JavaThread "Common-Cleaner" daemon [_thread_blocked, id=12104, stack(0x0000001f32600000,0x0000001f32700000)]
  0x000001ed755a2000 JavaThread "Service Thread" daemon [_thread_blocked, id=10916, stack(0x0000001f32700000,0x0000001f32800000)]
  0x000001ed75b42800 JavaThread "RMI TCP Accept-0" daemon [_thread_in_native, id=5248, stack(0x0000001f32800000,0x0000001f32900000)]
  0x000001ed75af8000 JavaThread "RMI TCP Accept-58323" daemon [_thread_in_native, id=17364, stack(0x0000001f32900000,0x0000001f32a00000)]
  0x000001ed75b56800 JavaThread "RMI TCP Accept-0" daemon [_thread_in_native, id=9028, stack(0x0000001f32a00000,0x0000001f32b00000)]
  0x000001ed78382000 JavaThread "HikariPool-1 housekeeper" daemon [_thread_blocked, id=15400, stack(0x0000001f33200000,0x0000001f33300000)]
  0x000001ed785b0000 JavaThread "Catalina-utility-1" [_thread_blocked, id=4064, stack(0x0000001f33500000,0x0000001f33600000)]
  0x000001ed77fb6800 JavaThread "Catalina-utility-2" [_thread_blocked, id=9224, stack(0x0000001f33600000,0x0000001f33700000)]
  0x000001ed797f5800 JavaThread "Live Reload Server" daemon [_thread_in_native, id=6668, stack(0x0000001f33b00000,0x0000001f33c00000)]
  0x000001ed7b5cc000 JavaThread "DestroyJavaVM" [_thread_blocked, id=12292, stack(0x0000001f31800000,0x0000001f31900000)]
  0x000001ed7b5c7000 JavaThread "Thread-5" [_thread_in_vm, id=16988, stack(0x0000001f31600000,0x0000001f31700000)]
  0x000001ed7a082800 JavaThread "C2 CompilerThread1" daemon [_thread_new, id=14676, stack(0x0000000000000000,0x0000000000000000)]

Other Threads:
  0x000001ed74af0000 VMThread "VM Thread" [stack: 0x0000001f31e00000,0x0000001f31f00000] [id=4940]
  0x000001ed75b34000 WatcherThread [stack: 0x0000001f32b00000,0x0000001f32c00000] [id=6692]
  0x000001ed5452d000 GCTaskThread "GC Thread#0" [stack: 0x0000001f31900000,0x0000001f31a00000] [id=2692]
  0x000001ed7567e800 GCTaskThread "GC Thread#1" [stack: 0x0000001f32c00000,0x0000001f32d00000] [id=12080]
  0x000001ed75c05800 GCTaskThread "GC Thread#2" [stack: 0x0000001f32d00000,0x0000001f32e00000] [id=10604]
  0x000001ed7670a000 GCTaskThread "GC Thread#3" [stack: 0x0000001f33300000,0x0000001f33400000] [id=9780]
  0x000001ed5453e800 ConcurrentGCThread "G1 Main Marker" [stack: 0x0000001f31a00000,0x0000001f31b00000] [id=15572]
  0x000001ed54540800 ConcurrentGCThread "G1 Conc#0" [stack: 0x0000001f31b00000,0x0000001f31c00000] [id=1932]
  0x000001ed74970800 ConcurrentGCThread "G1 Refine#0" [stack: 0x0000001f31c00000,0x0000001f31d00000] [id=14920]
  0x000001ed75604000 ConcurrentGCThread "G1 Refine#1" [stack: 0x0000001f32e00000,0x0000001f32f00000] [id=4748]
  0x000001ed74972800 ConcurrentGCThread "G1 Young RemSet Sampling" [stack: 0x0000001f31d00000,0x0000001f31e00000] [id=332]

Threads with active compile tasks:
C2 CompilerThread0  9145326 5366       4       org.springframework.core.ResolvableType::resolveClass (73 bytes)

VM state:not at safepoint (normal execution)

VM Mutex/Monitor currently owned by a thread: None

Heap address: 0x0000000081600000, size: 2026 MB, Compressed Oops mode: 32-bit
Narrow klass base: 0x0000000800000000, Narrow klass shift: 3
Compressed class space size: 1073741824 Address: 0x0000000800b40000

Heap:
 garbage-first heap   total 78848K, used 36428K [0x0000000081600000, 0x0000000100000000)
  region size 1024K, 15 young (15360K), 2 survivors (2048K)
 Metaspace       used 58192K, capacity 59630K, committed 59904K, reserved 1101824K
  class space    used 7512K, capacity 8068K, committed 8192K, reserved 1048576K
Heap Regions: E=young(eden), S=young(survivor), O=old, HS=humongous(starts), HC=humongous(continues), CS=collection set, F=free, A=archive, TAMS=top-at-mark-start (previous, next)
|   0|0x0000000081600000, 0x0000000081700000, 0x0000000081700000|100%|HS|  |TAMS 0x0000000081700000, 0x0000000081600000| Complete 
|   1|0x0000000081700000, 0x0000000081800000, 0x0000000081800000|100%| O|  |TAMS 0x0000000081800000, 0x0000000081700000| Untracked 
|   2|0x0000000081800000, 0x0000000081900000, 0x0000000081900000|100%| O|  |TAMS 0x0000000081900000, 0x0000000081800000| Untracked 
|   3|0x0000000081900000, 0x0000000081a00000, 0x0000000081a00000|100%| O|  |TAMS 0x0000000081a00000, 0x0000000081900000| Untracked 
|   4|0x0000000081a00000, 0x0000000081b00000, 0x0000000081b00000|100%| O|  |TAMS 0x0000000081b00000, 0x0000000081a00000| Untracked 
|   5|0x0000000081b00000, 0x0000000081c00000, 0x0000000081c00000|100%| O|  |TAMS 0x0000000081c00000, 0x0000000081b00000| Untracked 
|   6|0x0000000081c00000, 0x0000000081ca0e00, 0x0000000081d00000| 62%| O|  |TAMS 0x0000000081ca0e00, 0x0000000081c00000| Untracked 
|   7|0x0000000081d00000, 0x0000000081e00000, 0x0000000081e00000|100%| O|  |TAMS 0x0000000081e00000, 0x0000000081d00000| Untracked 
|   8|0x0000000081e00000, 0x0000000081f00000, 0x0000000081f00000|100%| O|  |TAMS 0x0000000081f00000, 0x0000000081e00000| Untracked 
|   9|0x0000000081f00000, 0x0000000082000000, 0x0000000082000000|100%| O|  |TAMS 0x0000000082000000, 0x0000000081f00000| Untracked 
|  10|0x0000000082000000, 0x0000000082100000, 0x0000000082100000|100%| O|  |TAMS 0x0000000082100000, 0x0000000082000000| Untracked 
|  11|0x0000000082100000, 0x0000000082200000, 0x0000000082200000|100%| O|  |TAMS 0x0000000082200000, 0x0000000082100000| Untracked 
|  12|0x0000000082200000, 0x0000000082300000, 0x0000000082300000|100%| O|  |TAMS 0x0000000082300000, 0x0000000082200000| Untracked 
|  13|0x0000000082300000, 0x0000000082400000, 0x0000000082400000|100%| O|  |TAMS 0x00000000823d6400, 0x0000000082300000| Untracked 
|  14|0x0000000082400000, 0x0000000082500000, 0x0000000082500000|100%| O|  |TAMS 0x0000000082400000, 0x0000000082400000| Untracked 
|  15|0x0000000082500000, 0x0000000082600000, 0x0000000082600000|100%| O|  |TAMS 0x0000000082500000, 0x0000000082500000| Untracked 
|  16|0x0000000082600000, 0x0000000082700000, 0x0000000082700000|100%| O|  |TAMS 0x0000000082600000, 0x0000000082600000| Untracked 
|  17|0x0000000082700000, 0x0000000082800000, 0x0000000082800000|100%| O|  |TAMS 0x0000000082700000, 0x0000000082700000| Untracked 
|  18|0x0000000082800000, 0x0000000082900000, 0x0000000082900000|100%| O|  |TAMS 0x0000000082800000, 0x0000000082800000| Untracked 
|  19|0x0000000082900000, 0x0000000082a00000, 0x0000000082a00000|100%| O|  |TAMS 0x0000000082900000, 0x0000000082900000| Untracked 
|  20|0x0000000082a00000, 0x0000000082b00000, 0x0000000082b00000|100%| O|  |TAMS 0x0000000082a00000, 0x0000000082a00000| Untracked 
|  21|0x0000000082b00000, 0x0000000082c00000, 0x0000000082c00000|100%| O|  |TAMS 0x0000000082b00000, 0x0000000082b00000| Untracked 
|  22|0x0000000082c00000, 0x0000000082c9bc00, 0x0000000082d00000| 60%| O|  |TAMS 0x0000000082c00000, 0x0000000082c00000| Untracked 
|  23|0x0000000082d00000, 0x0000000082d00000, 0x0000000082e00000|  0%| F|  |TAMS 0x0000000082d00000, 0x0000000082d00000| Untracked 
|  24|0x0000000082e00000, 0x0000000082e00000, 0x0000000082f00000|  0%| F|  |TAMS 0x0000000082e00000, 0x0000000082e00000| Untracked 
|  25|0x0000000082f00000, 0x0000000082f00000, 0x0000000083000000|  0%| F|  |TAMS 0x0000000082f00000, 0x0000000082f00000| Untracked 
|  26|0x0000000083000000, 0x0000000083000000, 0x0000000083100000|  0%| F|  |TAMS 0x0000000083000000, 0x0000000083000000| Untracked 
|  27|0x0000000083100000, 0x0000000083100000, 0x0000000083200000|  0%| F|  |TAMS 0x0000000083100000, 0x0000000083100000| Untracked 
|  28|0x0000000083200000, 0x0000000083200000, 0x0000000083300000|  0%| F|  |TAMS 0x0000000083200000, 0x0000000083200000| Untracked 
|  29|0x0000000083300000, 0x0000000083300000, 0x0000000083400000|  0%| F|  |TAMS 0x0000000083300000, 0x0000000083300000| Untracked 
|  30|0x0000000083400000, 0x0000000083400000, 0x0000000083500000|  0%| F|  |TAMS 0x0000000083400000, 0x0000000083400000| Untracked 
|  31|0x0000000083500000, 0x0000000083500000, 0x0000000083600000|  0%| F|  |TAMS 0x0000000083500000, 0x0000000083500000| Untracked 
|  32|0x0000000083600000, 0x0000000083600000, 0x0000000083700000|  0%| F|  |TAMS 0x0000000083600000, 0x0000000083600000| Untracked 
|  33|0x0000000083700000, 0x0000000083700000, 0x0000000083800000|  0%| F|  |TAMS 0x0000000083700000, 0x0000000083700000| Untracked 
|  34|0x0000000083800000, 0x0000000083800000, 0x0000000083900000|  0%| F|  |TAMS 0x0000000083800000, 0x0000000083800000| Untracked 
|  35|0x0000000083900000, 0x0000000083900000, 0x0000000083a00000|  0%| F|  |TAMS 0x0000000083900000, 0x0000000083900000| Untracked 
|  36|0x0000000083a00000, 0x0000000083a00000, 0x0000000083b00000|  0%| F|  |TAMS 0x0000000083a00000, 0x0000000083a00000| Untracked 
|  37|0x0000000083b00000, 0x0000000083b00000, 0x0000000083c00000|  0%| F|  |TAMS 0x0000000083b00000, 0x0000000083b00000| Untracked 
|  38|0x0000000083c00000, 0x0000000083c568b8, 0x0000000083d00000| 33%| S|CS|TAMS 0x0000000083c00000, 0x0000000083c00000| Complete 
|  39|0x0000000083d00000, 0x0000000083e00000, 0x0000000083e00000|100%| S|CS|TAMS 0x0000000083d00000, 0x0000000083d00000| Complete 
|  40|0x0000000083e00000, 0x0000000083e00000, 0x0000000083f00000|  0%| F|  |TAMS 0x0000000083e00000, 0x0000000083e00000| Untracked 
|  41|0x0000000083f00000, 0x0000000083f00000, 0x0000000084000000|  0%| F|  |TAMS 0x0000000083f00000, 0x0000000083f00000| Untracked 
|  42|0x0000000084000000, 0x0000000084000000, 0x0000000084100000|  0%| F|  |TAMS 0x0000000084000000, 0x0000000084000000| Untracked 
|  43|0x0000000084100000, 0x0000000084100000, 0x0000000084200000|  0%| F|  |TAMS 0x0000000084100000, 0x0000000084100000| Untracked 
|  44|0x0000000084200000, 0x0000000084200000, 0x0000000084300000|  0%| F|  |TAMS 0x0000000084200000, 0x0000000084200000| Untracked 
|  45|0x0000000084300000, 0x0000000084300000, 0x0000000084400000|  0%| F|  |TAMS 0x0000000084300000, 0x0000000084300000| Untracked 
|  46|0x0000000084400000, 0x0000000084400000, 0x0000000084500000|  0%| F|  |TAMS 0x0000000084400000, 0x0000000084400000| Untracked 
|  47|0x0000000084500000, 0x0000000084500000, 0x0000000084600000|  0%| F|  |TAMS 0x0000000084500000, 0x0000000084500000| Untracked 
|  48|0x0000000084600000, 0x0000000084600000, 0x0000000084700000|  0%| F|  |TAMS 0x0000000084600000, 0x0000000084600000| Untracked 
|  49|0x0000000084700000, 0x0000000084700000, 0x0000000084800000|  0%| F|  |TAMS 0x0000000084700000, 0x0000000084700000| Untracked 
|  50|0x0000000084800000, 0x0000000084800000, 0x0000000084900000|  0%| F|  |TAMS 0x0000000084800000, 0x0000000084800000| Untracked 
|  51|0x0000000084900000, 0x0000000084900000, 0x0000000084a00000|  0%| F|  |TAMS 0x0000000084900000, 0x0000000084900000| Untracked 
|  52|0x0000000084a00000, 0x0000000084a00000, 0x0000000084b00000|  0%| F|  |TAMS 0x0000000084a00000, 0x0000000084a00000| Untracked 
|  53|0x0000000084b00000, 0x0000000084b00000, 0x0000000084c00000|  0%| F|  |TAMS 0x0000000084b00000, 0x0000000084b00000| Untracked 
|  54|0x0000000084c00000, 0x0000000084c00000, 0x0000000084d00000|  0%| F|  |TAMS 0x0000000084c00000, 0x0000000084c00000| Untracked 
|  55|0x0000000084d00000, 0x0000000084d00000, 0x0000000084e00000|  0%| F|  |TAMS 0x0000000084d00000, 0x0000000084d00000| Untracked 
|  56|0x0000000084e00000, 0x0000000084e00000, 0x0000000084f00000|  0%| F|  |TAMS 0x0000000084e00000, 0x0000000084e00000| Untracked 
|  57|0x0000000084f00000, 0x0000000084f00000, 0x0000000085000000|  0%| F|  |TAMS 0x0000000084f00000, 0x0000000084f00000| Untracked 
|  58|0x0000000085000000, 0x0000000085000000, 0x0000000085100000|  0%| F|  |TAMS 0x0000000085000000, 0x0000000085000000| Untracked 
|  59|0x0000000085100000, 0x0000000085100000, 0x0000000085200000|  0%| F|  |TAMS 0x0000000085100000, 0x0000000085100000| Untracked 
|  60|0x0000000085200000, 0x0000000085200000, 0x0000000085300000|  0%| F|  |TAMS 0x0000000085200000, 0x0000000085200000| Untracked 
|  61|0x0000000085300000, 0x0000000085300000, 0x0000000085400000|  0%| F|  |TAMS 0x0000000085300000, 0x0000000085300000| Untracked 
|  62|0x0000000085400000, 0x0000000085400000, 0x0000000085500000|  0%| F|  |TAMS 0x0000000085400000, 0x0000000085400000| Untracked 
|  63|0x0000000085500000, 0x0000000085500000, 0x0000000085600000|  0%| F|  |TAMS 0x0000000085500000, 0x0000000085500000| Untracked 
|  64|0x0000000085600000, 0x0000000085678238, 0x0000000085700000| 46%| E|  |TAMS 0x0000000085600000, 0x0000000085600000| Complete 
|  65|0x0000000085700000, 0x0000000085800000, 0x0000000085800000|100%| E|CS|TAMS 0x0000000085700000, 0x0000000085700000| Complete 
|  66|0x0000000085800000, 0x0000000085900000, 0x0000000085900000|100%| E|CS|TAMS 0x0000000085800000, 0x0000000085800000| Complete 
|  67|0x0000000085900000, 0x0000000085a00000, 0x0000000085a00000|100%| E|CS|TAMS 0x0000000085900000, 0x0000000085900000| Complete 
|  68|0x0000000085a00000, 0x0000000085b00000, 0x0000000085b00000|100%| E|CS|TAMS 0x0000000085a00000, 0x0000000085a00000| Complete 
|  69|0x0000000085b00000, 0x0000000085c00000, 0x0000000085c00000|100%| E|CS|TAMS 0x0000000085b00000, 0x0000000085b00000| Complete 
|  70|0x0000000085c00000, 0x0000000085d00000, 0x0000000085d00000|100%| E|CS|TAMS 0x0000000085c00000, 0x0000000085c00000| Complete 
| 121|0x0000000088f00000, 0x0000000089000000, 0x0000000089000000|100%| E|CS|TAMS 0x0000000088f00000, 0x0000000088f00000| Complete 
| 122|0x0000000089000000, 0x0000000089100000, 0x0000000089100000|100%| E|CS|TAMS 0x0000000089000000, 0x0000000089000000| Complete 
| 123|0x0000000089100000, 0x0000000089200000, 0x0000000089200000|100%| E|CS|TAMS 0x0000000089100000, 0x0000000089100000| Complete 
| 124|0x0000000089200000, 0x0000000089300000, 0x0000000089300000|100%| E|CS|TAMS 0x0000000089200000, 0x0000000089200000| Complete 
| 125|0x0000000089300000, 0x0000000089400000, 0x0000000089400000|100%| E|CS|TAMS 0x0000000089300000, 0x0000000089300000| Complete 
| 127|0x0000000089500000, 0x0000000089600000, 0x0000000089600000|100%| E|CS|TAMS 0x0000000089500000, 0x0000000089500000| Complete 

Card table byte_map: [0x000001ed6dd60000,0x000001ed6e160000] _byte_map_base: 0x000001ed6d955000

Marking Bits (Prev, Next): (CMBitMap*) 0x000001ed5452dc08, (CMBitMap*) 0x000001ed5452dc48
 Prev Bits: [0x000001ed6e560000, 0x000001ed70508000)
 Next Bits: [0x000001ed70510000, 0x000001ed724b8000)

Polling page: 0x000001ed545b0000

Metaspace:

Usage:
  Non-class:     50.36 MB capacity,    49.50 MB ( 98%) used,   693.60 KB (  1%) free+waste,   184.31 KB ( <1%) overhead. 
      Class:      7.88 MB capacity,     7.34 MB ( 93%) used,   468.55 KB (  6%) free+waste,    86.00 KB (  1%) overhead. 
       Both:     58.24 MB capacity,    56.84 MB ( 98%) used,     1.13 MB (  2%) free+waste,   270.31 KB ( <1%) overhead. 

Virtual space:
  Non-class space:       52.00 MB reserved,      50.50 MB ( 97%) committed 
      Class space:        1.00 GB reserved,       8.00 MB ( <1%) committed 
             Both:        1.05 GB reserved,      58.50 MB (  5%) committed 

Chunk freelists:
   Non-Class:  20.00 KB
       Class:  0 bytes
        Both:  20.00 KB

MaxMetaspaceSize: 17179869184.00 GB
CompressedClassSpaceSize: 1.00 GB

CodeHeap 'non-profiled nmethods': size=120000Kb used=2803Kb max_used=2873Kb free=117196Kb
 bounds [0x000001ed65cd0000, 0x000001ed65fa0000, 0x000001ed6d200000]
CodeHeap 'profiled nmethods': size=120000Kb used=9925Kb max_used=10156Kb free=110074Kb
 bounds [0x000001ed5e7a0000, 0x000001ed5f190000, 0x000001ed65cd0000]
CodeHeap 'non-nmethods': size=5760Kb used=1335Kb max_used=1379Kb free=4424Kb
 bounds [0x000001ed5e200000, 0x000001ed5e470000, 0x000001ed5e7a0000]
 total_blobs=7627 nmethods=4637 adapters=527
 compilation: enabled
              stopped_count=0, restarted_count=0
 full_count=0

Compilation events (20 events):
Event: 8908.354 Thread 0x000001ed74b17000 nmethod 5357 0x000001ed65e1cc10 code [0x000001ed65e1ce00, 0x000001ed65e1dcf8]
Event: 8924.494 Thread 0x000001ed74b1e000 5358       3       sun.security.provider.ByteArrayAccess::i2bBig4 (111 bytes)
Event: 8924.495 Thread 0x000001ed74b1e000 nmethod 5358 0x000001ed5e807610 code [0x000001ed5e8077e0, 0x000001ed5e807b30]
Event: 8968.335 Thread 0x000001ed74b17000 5359   !   4       org.apache.catalina.core.ContainerBase::getClusterInternal (38 bytes)
Event: 8968.349 Thread 0x000001ed74b17000 nmethod 5359 0x000001ed65e1c110 code [0x000001ed65e1c2c0, 0x000001ed65e1c798]
Event: 8968.349 Thread 0x000001ed74b17000 5360   !   4       org.apache.catalina.core.ContainerBase::getRealmInternal (38 bytes)
Event: 8968.354 Thread 0x000001ed74b17000 nmethod 5360 0x000001ed65e1b610 code [0x000001ed65e1b7c0, 0x000001ed65e1bc98]
Event: 8978.338 Thread 0x000001ed74b17000 5361   !   4       org.apache.catalina.core.ContainerBase$ContainerBackgroundProcessor::processChildren (202 bytes)
Event: 8978.373 Thread 0x000001ed74b17000 nmethod 5361 0x000001ed65e17f10 code [0x000001ed65e18260, 0x000001ed65e19e98]
Event: 8978.373 Thread 0x000001ed74b17000 5362       4       org.apache.catalina.mapper.MapperListener::lifecycleEvent (178 bytes)
Event: 8978.375 Thread 0x000001ed74b17000 nmethod 5362 0x000001ed65e5b290 code [0x000001ed65e5b420, 0x000001ed65e5b758]
Event: 9144.698 Thread 0x000001ed74b1e000 5363       3       org.springframework.core.SerializableTypeWrapper::unwrap (34 bytes)
Event: 9144.699 Thread 0x000001ed74b1e000 nmethod 5363 0x000001ed5e806c10 code [0x000001ed5e806de0, 0x000001ed5e8073c0]
Event: 9144.699 Thread 0x000001ed74b1e000 5364       3       org.springframework.core.ResolvableType$DefaultVariableResolver::resolveVariable (9 bytes)
Event: 9144.700 Thread 0x000001ed74b1e000 nmethod 5364 0x000001ed5efbed90 code [0x000001ed5efbef40, 0x000001ed5efbf150]
Event: 9144.700 Thread 0x000001ed74b1e000 5365       3       org.springframework.core.ResolvableType::access$200 (6 bytes)
Event: 9144.700 Thread 0x000001ed74b1e000 nmethod 5365 0x000001ed5efbe990 code [0x000001ed5efbeb40, 0x000001ed5efbecb0]
Event: 9144.705 Thread 0x000001ed74b17000 5366       4       org.springframework.core.ResolvableType::resolveClass (73 bytes)
Event: 9144.705 Thread 0x000001ed74b1e000 5367       3       org.springframework.core.ResolvableType::resolveType (151 bytes)
Event: 9144.707 Thread 0x000001ed74b1e000 nmethod 5367 0x000001ed5ecb6290 code [0x000001ed5ecb6580, 0x000001ed5ecb7a00]

GC Heap History (20 events):
Event: 7.638 GC heap before
{Heap before GC invocations=15 (full 0):
 garbage-first heap   total 54272K, used 25683K [0x0000000081600000, 0x0000000100000000)
  region size 1024K, 14 young (14336K), 3 survivors (3072K)
 Metaspace       used 34726K, capacity 35735K, committed 35840K, reserved 1081344K
  class space    used 4170K, capacity 4561K, committed 4608K, reserved 1048576K
}
Event: 7.645 GC heap after
{Heap after GC invocations=16 (full 0):
 garbage-first heap   total 54272K, used 17490K [0x0000000081600000, 0x0000000100000000)
  region size 1024K, 4 young (4096K), 4 survivors (4096K)
 Metaspace       used 34726K, capacity 35735K, committed 35840K, reserved 1081344K
  class space    used 4170K, capacity 4561K, committed 4608K, reserved 1048576K
}
Event: 8.160 GC heap before
{Heap before GC invocations=17 (full 0):
 garbage-first heap   total 54272K, used 37970K [0x0000000081600000, 0x0000000100000000)
  region size 1024K, 24 young (24576K), 4 survivors (4096K)
 Metaspace       used 37240K, capacity 38356K, committed 38656K, reserved 1083392K
  class space    used 4595K, capacity 5004K, committed 5120K, reserved 1048576K
}
Event: 8.168 GC heap after
{Heap after GC invocations=18 (full 0):
 garbage-first heap   total 65536K, used 18491K [0x0000000081600000, 0x0000000100000000)
  region size 1024K, 2 young (2048K), 2 survivors (2048K)
 Metaspace       used 37240K, capacity 38356K, committed 38656K, reserved 1083392K
  class space    used 4595K, capacity 5004K, committed 5120K, reserved 1048576K
}
Event: 8.829 GC heap before
{Heap before GC invocations=18 (full 0):
 garbage-first heap   total 65536K, used 46139K [0x0000000081600000, 0x0000000100000000)
  region size 1024K, 29 young (29696K), 2 survivors (2048K)
 Metaspace       used 41907K, capacity 43073K, committed 43264K, reserved 1087488K
  class space    used 5369K, capacity 5778K, committed 5888K, reserved 1048576K
}
Event: 8.836 GC heap after
{Heap after GC invocations=19 (full 0):
 garbage-first heap   total 65536K, used 20255K [0x0000000081600000, 0x0000000100000000)
  region size 1024K, 4 young (4096K), 4 survivors (4096K)
 Metaspace       used 41907K, capacity 43073K, committed 43264K, reserved 1087488K
  class space    used 5369K, capacity 5778K, committed 5888K, reserved 1048576K
}
Event: 9.775 GC heap before
{Heap before GC invocations=19 (full 0):
 garbage-first heap   total 65536K, used 45855K [0x0000000081600000, 0x0000000100000000)
  region size 1024K, 30 young (30720K), 4 survivors (4096K)
 Metaspace       used 47465K, capacity 48636K, committed 48896K, reserved 1091584K
  class space    used 6183K, capacity 6608K, committed 6656K, reserved 1048576K
}
Event: 9.787 GC heap after
{Heap after GC invocations=20 (full 0):
 garbage-first heap   total 65536K, used 21710K [0x0000000081600000, 0x0000000100000000)
  region size 1024K, 4 young (4096K), 4 survivors (4096K)
 Metaspace       used 47465K, capacity 48636K, committed 48896K, reserved 1091584K
  class space    used 6183K, capacity 6608K, committed 6656K, reserved 1048576K
}
Event: 10.978 GC heap before
{Heap before GC invocations=20 (full 0):
 garbage-first heap   total 65536K, used 47310K [0x0000000081600000, 0x0000000100000000)
  region size 1024K, 30 young (30720K), 4 survivors (4096K)
 Metaspace       used 52287K, capacity 53659K, committed 53760K, reserved 1095680K
  class space    used 6869K, capacity 7387K, committed 7424K, reserved 1048576K
}
Event: 10.987 GC heap after
{Heap after GC invocations=21 (full 0):
 garbage-first heap   total 65536K, used 22968K [0x0000000081600000, 0x0000000100000000)
  region size 1024K, 3 young (3072K), 3 survivors (3072K)
 Metaspace       used 52287K, capacity 53659K, committed 53760K, reserved 1095680K
  class space    used 6869K, capacity 7387K, committed 7424K, reserved 1048576K
}
Event: 50.279 GC heap before
{Heap before GC invocations=21 (full 0):
 garbage-first heap   total 65536K, used 48568K [0x0000000081600000, 0x0000000100000000)
  region size 1024K, 29 young (29696K), 3 survivors (3072K)
 Metaspace       used 57198K, capacity 58656K, committed 58752K, reserved 1099776K
  class space    used 7443K, capacity 8004K, committed 8064K, reserved 1048576K
}
Event: 50.290 GC heap after
{Heap after GC invocations=22 (full 0):
 garbage-first heap   total 78848K, used 24095K [0x0000000081600000, 0x0000000100000000)
  region size 1024K, 3 young (3072K), 3 survivors (3072K)
 Metaspace       used 57198K, capacity 58656K, committed 58752K, reserved 1099776K
  class space    used 7443K, capacity 8004K, committed 8064K, reserved 1048576K
}
Event: 1910.262 GC heap before
{Heap before GC invocations=22 (full 0):
 garbage-first heap   total 78848K, used 56863K [0x0000000081600000, 0x0000000100000000)
  region size 1024K, 35 young (35840K), 3 survivors (3072K)
 Metaspace       used 57595K, capacity 59093K, committed 59264K, reserved 1099776K
  class space    used 7465K, capacity 8042K, committed 8064K, reserved 1048576K
}
Event: 1910.282 GC heap after
{Heap after GC invocations=23 (full 0):
 garbage-first heap   total 78848K, used 24292K [0x0000000081600000, 0x0000000100000000)
  region size 1024K, 3 young (3072K), 3 survivors (3072K)
 Metaspace       used 57595K, capacity 59093K, committed 59264K, reserved 1099776K
  class space    used 7465K, capacity 8042K, committed 8064K, reserved 1048576K
}
Event: 4163.150 GC heap before
{Heap before GC invocations=23 (full 0):
 garbage-first heap   total 78848K, used 58084K [0x0000000081600000, 0x0000000100000000)
  region size 1024K, 36 young (36864K), 3 survivors (3072K)
 Metaspace       used 57656K, capacity 59093K, committed 59264K, reserved 1099776K
  class space    used 7465K, capacity 8042K, committed 8064K, reserved 1048576K
}
Event: 4163.168 GC heap after
{Heap after GC invocations=24 (full 0):
 garbage-first heap   total 78848K, used 24546K [0x0000000081600000, 0x0000000100000000)
  region size 1024K, 2 young (2048K), 2 survivors (2048K)
 Metaspace       used 57656K, capacity 59093K, committed 59264K, reserved 1099776K
  class space    used 7465K, capacity 8042K, committed 8064K, reserved 1048576K
}
Event: 6090.918 GC heap before
{Heap before GC invocations=24 (full 0):
 garbage-first heap   total 78848K, used 59362K [0x0000000081600000, 0x0000000100000000)
  region size 1024K, 36 young (36864K), 2 survivors (2048K)
 Metaspace       used 57807K, capacity 59325K, committed 59520K, reserved 1101824K
  class space    used 7473K, capacity 8051K, committed 8064K, reserved 1048576K
}
Event: 6090.926 GC heap after
{Heap after GC invocations=25 (full 0):
 garbage-first heap   total 78848K, used 24215K [0x0000000081600000, 0x0000000100000000)
  region size 1024K, 2 young (2048K), 2 survivors (2048K)
 Metaspace       used 57807K, capacity 59325K, committed 59520K, reserved 1101824K
  class space    used 7473K, capacity 8051K, committed 8064K, reserved 1048576K
}
Event: 8538.436 GC heap before
{Heap before GC invocations=25 (full 0):
 garbage-first heap   total 78848K, used 60055K [0x0000000081600000, 0x0000000100000000)
  region size 1024K, 37 young (37888K), 2 survivors (2048K)
 Metaspace       used 57846K, capacity 59326K, committed 59520K, reserved 1101824K
  class space    used 7473K, capacity 8051K, committed 8064K, reserved 1048576K
}
Event: 8538.446 GC heap after
{Heap after GC invocations=26 (full 0):
 garbage-first heap   total 78848K, used 24140K [0x0000000081600000, 0x0000000100000000)
  region size 1024K, 2 young (2048K), 2 survivors (2048K)
 Metaspace       used 57846K, capacity 59326K, committed 59520K, reserved 1101824K
  class space    used 7473K, capacity 8051K, committed 8064K, reserved 1048576K
}

Deoptimization events (20 events):
Event: 9144.267 Thread 0x000001ed797f8000 Uncommon trap: trap_request=0xffffffc6 fr.pc=0x000001ed65db6048 relative=0x0000000000000ee8
Event: 9144.267 Thread 0x000001ed797f8000 Uncommon trap: reason=bimorphic_or_optimized_type_check action=maybe_recompile pc=0x000001ed65db6048 method=java.util.AbstractCollection.containsAll(Ljava/util/Collection;)Z @ 25 c2
Event: 9144.267 Thread 0x000001ed797f8000 DEOPT PACKING pc=0x000001ed65db6048 sp=0x0000001f339fe9e0
Event: 9144.267 Thread 0x000001ed797f8000 DEOPT UNPACKING pc=0x000001ed5e24912f sp=0x0000001f339fe9b8 mode 2
Event: 9144.267 Thread 0x000001ed797f8000 Uncommon trap: trap_request=0xffffff45 fr.pc=0x000001ed65d7732c relative=0x000000000000024c
Event: 9144.267 Thread 0x000001ed797f8000 Uncommon trap: reason=unstable_if action=reinterpret pc=0x000001ed65d7732c method=java.util.AbstractSet.equals(Ljava/lang/Object;)Z @ 31 c2
Event: 9144.267 Thread 0x000001ed797f8000 DEOPT PACKING pc=0x000001ed65d7732c sp=0x0000001f339fe960
Event: 9144.268 Thread 0x000001ed797f8000 DEOPT UNPACKING pc=0x000001ed5e24912f sp=0x0000001f339fe8e8 mode 2
Event: 9144.678 Thread 0x000001ed797f8000 Uncommon trap: trap_request=0xffffffc6 fr.pc=0x000001ed65db6048 relative=0x0000000000000ee8
Event: 9144.678 Thread 0x000001ed797f8000 Uncommon trap: reason=bimorphic_or_optimized_type_check action=maybe_recompile pc=0x000001ed65db6048 method=java.util.AbstractCollection.containsAll(Ljava/util/Collection;)Z @ 25 c2
Event: 9144.678 Thread 0x000001ed797f8000 DEOPT PACKING pc=0x000001ed65db6048 sp=0x0000001f339fe9e0
Event: 9144.678 Thread 0x000001ed797f8000 DEOPT UNPACKING pc=0x000001ed5e24912f sp=0x0000001f339fe9b8 mode 2
Event: 9144.678 Thread 0x000001ed797f8000 Uncommon trap: trap_request=0xffffff45 fr.pc=0x000001ed65db5f98 relative=0x0000000000000e38
Event: 9144.678 Thread 0x000001ed797f8000 Uncommon trap: reason=unstable_if action=reinterpret pc=0x000001ed65db5f98 method=java.util.AbstractCollection.containsAll(Ljava/util/Collection;)Z @ 28 c2
Event: 9144.678 Thread 0x000001ed797f8000 DEOPT PACKING pc=0x000001ed65db5f98 sp=0x0000001f339fe880
Event: 9144.678 Thread 0x000001ed797f8000 DEOPT UNPACKING pc=0x000001ed5e24912f sp=0x0000001f339fe860 mode 2
Event: 9144.681 Thread 0x000001ed797f8000 Uncommon trap: trap_request=0xffffff45 fr.pc=0x000001ed65e2a764 relative=0x00000000000005e4
Event: 9144.681 Thread 0x000001ed797f8000 Uncommon trap: reason=unstable_if action=reinterpret pc=0x000001ed65e2a764 method=org.springframework.boot.devtools.filewatch.FileSnapshot.equals(Ljava/lang/Object;)Z @ 93 c2
Event: 9144.681 Thread 0x000001ed797f8000 DEOPT PACKING pc=0x000001ed65e2a764 sp=0x0000001f339fe9c0
Event: 9144.681 Thread 0x000001ed797f8000 DEOPT UNPACKING pc=0x000001ed5e24912f sp=0x0000001f339fe990 mode 2

Classes unloaded (0 events):
No events

Classes redefined (0 events):
No events

Internal exceptions (20 events):
Event: 10.504 Thread 0x000001ed75b85800 Exception <a 'java/lang/ClassNotFoundException'{0x0000000084738f00}: org/springframework/beans/factory/AwareCustomizer> (0x0000000084738f00) 
thrown [t:/workspace/open/src/hotspot/share/classfile/systemDictionary.cpp, line 232]
Event: 10.505 Thread 0x000001ed75b85800 Exception <a 'java/lang/ClassNotFoundException'{0x0000000084749c20}: org/springframework/context/ApplicationEventPublisherAwareCustomizer> (0x0000000084749c20) 
thrown [t:/workspace/open/src/hotspot/share/classfile/systemDictionary.cpp, line 232]
Event: 10.506 Thread 0x000001ed75b85800 Exception <a 'java/lang/ClassNotFoundException'{0x0000000084759248}: org/springframework/beans/factory/AwareCustomizer> (0x0000000084759248) 
thrown [t:/workspace/open/src/hotspot/share/classfile/systemDictionary.cpp, line 232]
Event: 10.515 Thread 0x000001ed75b85800 Exception <a 'java/lang/ClassNotFoundException'{0x00000000847845b0}: java/lang/ObjectCustomizer> (0x00000000847845b0) 
thrown [t:/workspace/open/src/hotspot/share/classfile/systemDictionary.cpp, line 232]
Event: 10.517 Thread 0x000001ed75b85800 Exception <a 'java/lang/ClassNotFoundException'{0x0000000084799488}: org/springframework/core/io/support/PropertiesLoaderSupportCustomizer> (0x0000000084799488) 
thrown [t:/workspace/open/src/hotspot/share/classfile/systemDictionary.cpp, line 232]
Event: 10.524 Thread 0x000001ed75b85800 Exception <a 'java/lang/ClassNotFoundException'{0x00000000847b37a8}: org/springframework/beans/factory/config/PropertiesFactoryBeanCustomizer> (0x00000000847b37a8) 
thrown [t:/workspace/open/src/hotspot/share/classfile/systemDictionary.cpp, line 232]
Event: 10.531 Thread 0x000001ed75b85800 Exception <a 'java/lang/ClassNotFoundException'{0x0000000084606930}: org/springframework/beans/factory/FactoryBeanCustomizer> (0x0000000084606930) 
thrown [t:/workspace/open/src/hotspot/share/classfile/systemDictionary.cpp, line 232]
Event: 10.532 Thread 0x000001ed75b85800 Exception <a 'java/lang/ClassNotFoundException'{0x0000000084619548}: org/springframework/beans/factory/InitializingBeanCustomizer> (0x0000000084619548) 
thrown [t:/workspace/open/src/hotspot/share/classfile/systemDictionary.cpp, line 232]
Event: 10.743 Thread 0x000001ed75b85800 Exception <a 'java/lang/NoSuchMethodError'{0x00000000842ba488}: 'java.lang.Object java.lang.invoke.DirectMethodHandle$Holder.invokeSpecialIFC(java.lang.Object, java.lang.Object, java.lang.Object)'> (0x00000000842ba488) 
thrown [t:/workspace/open/src/hotspot/share/interpreter/linkResolver.cpp, line 767]
Event: 10.909 Thread 0x000001ed75b85800 Exception <a 'java/lang/ClassNotFoundException'{0x0000000083ee9200}: java/lang/ObjectCustomizer> (0x0000000083ee9200) 
thrown [t:/workspace/open/src/hotspot/share/classfile/systemDictionary.cpp, line 232]
Event: 10.911 Thread 0x000001ed75b85800 Exception <a 'java/lang/ClassNotFoundException'{0x0000000083efa6d0}: com/hifive/songgame/model/SongCustomizer> (0x0000000083efa6d0) 
thrown [t:/workspace/open/src/hotspot/share/classfile/systemDictionary.cpp, line 232]
Event: 10.945 Thread 0x000001ed75b85800 Exception <a 'java/lang/NoSuchMethodError'{0x0000000083de0a50}: 'int java.lang.invoke.DirectMethodHandle$Holder.invokeVirtual(java.lang.Object, java.lang.Object, java.lang.Object)'> (0x0000000083de0a50) 
thrown [t:/workspace/open/src/hotspot/share/interpreter/linkResolver.cpp, line 767]
Event: 10.989 Thread 0x000001ed75b85800 Exception <a 'java/lang/IncompatibleClassChangeError'{0x000000008950fda0}: Found class java.lang.Object, but interface was expected> (0x000000008950fda0) 
thrown [t:/workspace/open/src/hotspot/share/interpreter/linkResolver.cpp, line 833]
Event: 11.161 Thread 0x000001ed75b85800 Exception <a 'java/lang/ClassNotFoundException'{0x0000000088f91950}: java/lang/ObjectCustomizer> (0x0000000088f91950) 
thrown [t:/workspace/open/src/hotspot/share/classfile/systemDictionary.cpp, line 232]
Event: 11.163 Thread 0x000001ed75b85800 Exception <a 'java/lang/ClassNotFoundException'{0x0000000088fa3b28}: com/hifive/songgame/model/SongCustomizer> (0x0000000088fa3b28) 
thrown [t:/workspace/open/src/hotspot/share/classfile/systemDictionary.cpp, line 232]
Event: 25.515 Thread 0x000001ed797f2000 Exception <a 'java/lang/NoSuchMethodError'{0x00000000841edb80}: 'java.lang.Object java.lang.invoke.DirectMethodHandle$Holder.invokeStaticInit(java.lang.Object, java.lang.Object, java.lang.Object, java.lang.Object, java.lang.Object, java.lang.Object)'> (0x00000000841edb80) 
thrown [t:/workspace/open/src/hotspot/share/interpreter/linkResolver.cpp, line 767]
Event: 5387.746 Thread 0x000001ed77fb6800 Implicit null exception at 0x000001ed65e08ca8 to 0x000001ed65e08eca
Event: 5388.747 Thread 0x000001ed77fb6800 Implicit null exception at 0x000001ed65e08ca8 to 0x000001ed65e08eca
Event: 5389.747 Thread 0x000001ed77fb6800 Implicit null exception at 0x000001ed65e08ca8 to 0x000001ed65e08eca
Event: 5390.748 Thread 0x000001ed77fb6800 Implicit null exception at 0x000001ed65e08ca8 to 0x000001ed65e08eca

Events (20 events):
Event: 9144.691 loading class org/zeroturnaround/javarebel$Integration done
Event: 9144.692 loading class org/zeroturnaround/javarebel/ReloaderFactory
Event: 9144.692 loading class org/zeroturnaround/javarebel/ReloaderFactory done
Event: 9144.692 loading class org/zeroturnaround/javarebel$ReloaderFactory
Event: 9144.692 loading class org/zeroturnaround/javarebel$ReloaderFactory done
Event: 9144.692 loading class org/hotswap/agent/HotswapAgent
Event: 9144.692 loading class org/hotswap/agent/HotswapAgent done
Event: 9144.692 loading class org/hotswap/agent$HotswapAgent
Event: 9144.692 loading class org/hotswap/agent$HotswapAgent done
Event: 9144.700 loading class org/springframework/boot/devtools/autoconfigure/FileWatchingFailureHandler
Event: 9144.700 loading class org/springframework/boot/devtools/autoconfigure/FileWatchingFailureHandler done
Event: 9144.702 loading class org/springframework/boot/devtools/restart/Restarter
Event: 9144.702 loading class org/springframework/boot/devtools/restart/Restarter done
Event: 9144.703 loading class org/springframework/boot/devtools/restart/FailureHandler
Event: 9144.703 loading class org/springframework/boot/devtools/restart/FailureHandler done
Event: 9144.704 Thread 0x000001ed7b5c7000 Thread added: 0x000001ed7b5c7000
Event: 9144.704 Thread 0x000001ed797f8000 Thread exited: 0x000001ed797f8000
Event: 9144.714 loading class org/springframework/context/support/DefaultLifecycleProcessor
Event: 9144.714 loading class org/springframework/context/support/DefaultLifecycleProcessor done
Event: 9144.716 loading class java/util/Collections$ReverseComparator


Dynamic libraries:
0x00007ff651c80000 - 0x00007ff651c8f000 	C:\Program Files\Java\jdk-13.0.2\bin\java.exe
0x00007ffa4e580000 - 0x00007ffa4e770000 	C:\WINDOWS\SYSTEM32\ntdll.dll
0x00007ffa4d020000 - 0x00007ffa4d0d2000 	C:\WINDOWS\System32\KERNEL32.DLL
0x00007ffa4b960000 - 0x00007ffa4bc04000 	C:\WINDOWS\System32\KERNELBASE.dll
0x00007ffa4b610000 - 0x00007ffa4b70a000 	C:\WINDOWS\System32\ucrtbase.dll
0x00007ffa414e0000 - 0x00007ffa414f8000 	C:\Program Files\Java\jdk-13.0.2\bin\jli.dll
0x00007ffa4d260000 - 0x00007ffa4d303000 	C:\WINDOWS\System32\ADVAPI32.dll
0x00007ffa4e4a0000 - 0x00007ffa4e53e000 	C:\WINDOWS\System32\msvcrt.dll
0x00007ffa3cdf0000 - 0x00007ffa3ce05000 	C:\Program Files\Java\jdk-13.0.2\bin\VCRUNTIME140.dll
0x00007ffa4d790000 - 0x00007ffa4d827000 	C:\WINDOWS\System32\sechost.dll
0x00007ffa4d0e0000 - 0x00007ffa4d200000 	C:\WINDOWS\System32\RPCRT4.dll
0x00007ffa4cae0000 - 0x00007ffa4cc75000 	C:\WINDOWS\System32\USER32.dll
0x00007ffa4b930000 - 0x00007ffa4b951000 	C:\WINDOWS\System32\win32u.dll
0x00007ffa4c7e0000 - 0x00007ffa4c806000 	C:\WINDOWS\System32\GDI32.dll
0x00007ffa4bc10000 - 0x00007ffa4bda6000 	C:\WINDOWS\System32\gdi32full.dll
0x00007ffa43a20000 - 0x00007ffa43ca4000 	C:\WINDOWS\WinSxS\amd64_microsoft.windows.common-controls_6595b64144ccf1df_6.0.18362.1016_none_9e7a36bbe461dae4\COMCTL32.dll
0x00007ffa4b860000 - 0x00007ffa4b8fe000 	C:\WINDOWS\System32\msvcp_win.dll
0x00007ffa4d310000 - 0x00007ffa4d645000 	C:\WINDOWS\System32\combase.dll
0x00007ffa4bdd0000 - 0x00007ffa4be50000 	C:\WINDOWS\System32\bcryptPrimitives.dll
0x00007ffa44ef0000 - 0x00007ffa44efa000 	C:\WINDOWS\SYSTEM32\VERSION.dll
0x00007ffa4c700000 - 0x00007ffa4c72e000 	C:\WINDOWS\System32\IMM32.DLL
0x00007ffa2c5f0000 - 0x00007ffa2c68b000 	C:\Program Files\Java\jdk-13.0.2\bin\msvcp140.dll
0x00007ffa00c00000 - 0x00007ffa0175d000 	C:\Program Files\Java\jdk-13.0.2\bin\server\jvm.dll
0x00007ffa4cc80000 - 0x00007ffa4cc88000 	C:\WINDOWS\System32\PSAPI.DLL
0x00007ffa3d820000 - 0x00007ffa3d829000 	C:\WINDOWS\SYSTEM32\WSOCK32.dll
0x00007ffa4c810000 - 0x00007ffa4c87f000 	C:\WINDOWS\System32\WS2_32.dll
0x00007ffa44dc0000 - 0x00007ffa44de4000 	C:\WINDOWS\SYSTEM32\WINMM.dll
0x00007ffa44af0000 - 0x00007ffa44b1d000 	C:\WINDOWS\SYSTEM32\WINMMBASE.dll
0x00007ffa4be50000 - 0x00007ffa4be9a000 	C:\WINDOWS\System32\cfgmgr32.dll
0x00007ffa4b440000 - 0x00007ffa4b451000 	C:\WINDOWS\System32\kernel.appcore.dll
0x00007ffa46840000 - 0x00007ffa46850000 	C:\Program Files\Java\jdk-13.0.2\bin\verify.dll
0x00007ffa458e0000 - 0x00007ffa45ad4000 	C:\WINDOWS\SYSTEM32\DBGHELP.DLL
0x00007ffa45790000 - 0x00007ffa457ba000 	C:\WINDOWS\SYSTEM32\dbgcore.DLL
0x00007ffa3a860000 - 0x00007ffa3a886000 	C:\Program Files\Java\jdk-13.0.2\bin\java.dll
0x00007ffa3c050000 - 0x00007ffa3c067000 	C:\Program Files\Java\jdk-13.0.2\bin\zip.dll
0x00007ffa44a60000 - 0x00007ffa44a6a000 	C:\Program Files\Java\jdk-13.0.2\bin\jimage.dll
0x00007ffa4ddb0000 - 0x00007ffa4e497000 	C:\WINDOWS\System32\SHELL32.dll
0x00007ffa4c730000 - 0x00007ffa4c7d9000 	C:\WINDOWS\System32\shcore.dll
0x00007ffa4bea0000 - 0x00007ffa4c622000 	C:\WINDOWS\System32\windows.storage.dll
0x00007ffa4b460000 - 0x00007ffa4b483000 	C:\WINDOWS\System32\profapi.dll
0x00007ffa4b4b0000 - 0x00007ffa4b4fa000 	C:\WINDOWS\System32\powrprof.dll
0x00007ffa4b430000 - 0x00007ffa4b440000 	C:\WINDOWS\System32\UMPDC.dll
0x00007ffa4cd80000 - 0x00007ffa4cdd2000 	C:\WINDOWS\System32\shlwapi.dll
0x00007ffa4bdb0000 - 0x00007ffa4bdc7000 	C:\WINDOWS\System32\cryptsp.dll
0x00007ffa3ae00000 - 0x00007ffa3ae19000 	C:\Program Files\Java\jdk-13.0.2\bin\net.dll
0x00007ffa42d30000 - 0x00007ffa42e20000 	C:\WINDOWS\SYSTEM32\WINHTTP.dll
0x00007ffa4ac30000 - 0x00007ffa4ac97000 	C:\WINDOWS\system32\mswsock.dll
0x00007ffa3a840000 - 0x00007ffa3a853000 	C:\Program Files\Java\jdk-13.0.2\bin\nio.dll
0x00007ffa3d890000 - 0x00007ffa3d899000 	C:\Program Files\Java\jdk-13.0.2\bin\management.dll
0x00007ffa3cc70000 - 0x00007ffa3cc7b000 	C:\Program Files\Java\jdk-13.0.2\bin\management_ext.dll
0x00007ffa27870000 - 0x00007ffa27886000 	C:\WINDOWS\system32\napinsp.dll
0x00007ffa27700000 - 0x00007ffa2771a000 	C:\WINDOWS\system32\pnrpnsp.dll
0x00007ffa4a980000 - 0x00007ffa4aa4b000 	C:\WINDOWS\SYSTEM32\DNSAPI.dll
0x00007ffa4dda0000 - 0x00007ffa4dda8000 	C:\WINDOWS\System32\NSI.dll
0x00007ffa4a940000 - 0x00007ffa4a97a000 	C:\WINDOWS\SYSTEM32\IPHLPAPI.DLL
0x00007ffa30d20000 - 0x00007ffa30d2e000 	C:\WINDOWS\System32\winrnr.dll
0x00007ffa46520000 - 0x00007ffa4653c000 	C:\WINDOWS\system32\NLAapi.dll
0x00007ffa40460000 - 0x00007ffa40475000 	C:\WINDOWS\system32\wshbth.dll
0x00007ffa430a0000 - 0x00007ffa430aa000 	C:\Windows\System32\rasadhlp.dll
0x00007ffa433b0000 - 0x00007ffa43427000 	C:\WINDOWS\System32\fwpuclnt.dll
0x00007ffa4b900000 - 0x00007ffa4b926000 	C:\WINDOWS\System32\bcrypt.dll
0x00007ffa4a7a0000 - 0x00007ffa4a7d3000 	C:\WINDOWS\system32\rsaenh.dll
0x00007ffa4b350000 - 0x00007ffa4b375000 	C:\WINDOWS\SYSTEM32\USERENV.dll
0x00007ffa4ae00000 - 0x00007ffa4ae0c000 	C:\WINDOWS\SYSTEM32\CRYPTBASE.dll
0x00007ffa43190000 - 0x00007ffa431a6000 	C:\WINDOWS\SYSTEM32\dhcpcsvc6.DLL
0x00007ffa43120000 - 0x00007ffa4313c000 	C:\WINDOWS\SYSTEM32\dhcpcsvc.DLL

dbghelp: loaded successfully - version: 4.0.5 - missing functions: none
symbol engine: initialized successfully - sym options: 0x614 - pdb path: .;C:\Program Files\Java\jdk-13.0.2\bin;C:\WINDOWS\SYSTEM32;C:\WINDOWS\WinSxS\amd64_microsoft.windows.common-controls_6595b64144ccf1df_6.0.18362.1016_none_9e7a36bbe461dae4;C:\Program Files\Java\jdk-13.0.2\bin\server

VM Arguments:
jvm_args: -Dcom.sun.management.jmxremote -Dcom.sun.management.jmxremote.port=58323 -Dcom.sun.management.jmxremote.authenticate=false -Dcom.sun.management.jmxremote.ssl=false -Djava.rmi.server.hostname=localhost -Dspring.application.admin.enabled=true -Dspring.jmx.enabled=true -Dfile.encoding=UTF-8 
java_command: com.hifive.songgame.DemoApplication
java_class_path (initial): C:\Users\admin\Documents\HW stuff\Capstone\Hi-5-Capstone-Project\songgame\target\classes;C:\Users\admin\.m2\repository\org\springframework\boot\spring-boot-starter-data-jpa\2.3.2.RELEASE\spring-boot-starter-data-jpa-2.3.2.RELEASE.jar;C:\Users\admin\.m2\repository\org\springframework\boot\spring-boot-starter-aop\2.3.2.RELEASE\spring-boot-starter-aop-2.3.2.RELEASE.jar;C:\Users\admin\.m2\repository\org\springframework\spring-aop\5.2.8.RELEASE\spring-aop-5.2.8.RELEASE.jar;C:\Users\admin\.m2\repository\org\aspectj\aspectjweaver\1.9.6\aspectjweaver-1.9.6.jar;C:\Users\admin\.m2\repository\jakarta\transaction\jakarta.transaction-api\1.3.3\jakarta.transaction-api-1.3.3.jar;C:\Users\admin\.m2\repository\jakarta\persistence\jakarta.persistence-api\2.2.3\jakarta.persistence-api-2.2.3.jar;C:\Users\admin\.m2\repository\org\hibernate\hibernate-core\5.4.18.Final\hibernate-core-5.4.18.Final.jar;C:\Users\admin\.m2\repository\org\jboss\logging\jboss-logging\3.4.1.Final\jboss-logging-3.4.1.Final.jar;C:\Users\admin\.m2\repository\org\javassist\javassist\3.24.0-GA\javassist-3.24.0-GA.jar;C:\Users\admin\.m2\repository\net\bytebuddy\byte-buddy\1.10.13\byte-buddy-1.10.13.jar;C:\Users\admin\.m2\repository\antlr\antlr\2.7.7\antlr-2.7.7.jar;C:\Users\admin\.m2\repository\org\jboss\jandex\2.1.3.Final\jandex-2.1.3.Final.jar;C:\Users\admin\.m2\repository\com\fasterxml\classmate\1.5.1\classmate-1.5.1.jar;C:\Users\admin\.m2\repository\org\dom4j\dom4j\2.1.3\dom4j-2.1.3.jar;C:\Users\admin\.m2\repository\org\hibernate\common\hibernate-commons-annotations\5.1.0.Final\hibernate-commons-annotations-5.1.0.Final.jar;C:\Users\admin\.m2\repository\org\glassfish\jaxb\jaxb-runtime\2.3.3\jaxb-runtime-2.3.3.jar;C:\Users\admin\.m2\repository\org\glassfish\jaxb\txw2\2.3.3\txw2-2.3.3.jar;C:\Users\admin\.m2\repository\com\sun\istack\istack-commons-runtime\3.0.11\istack-commons-runtime-3.0.11.jar;C:\Users\admin\.m2\repository\com\sun\activation\jakarta.activation\1.2.2\jakarta.activation-1
Launcher Type: SUN_STANDARD

[Global flags]
     intx CICompilerCount                          = 3                                         {product} {ergonomic}
     uint ConcGCThreads                            = 1                                         {product} {ergonomic}
     uint G1ConcRefinementThreads                  = 4                                         {product} {ergonomic}
   size_t G1HeapRegionSize                         = 1048576                                   {product} {ergonomic}
    uintx GCDrainStackTargetSize                   = 64                                        {product} {ergonomic}
   size_t InitialHeapSize                          = 134217728                                 {product} {ergonomic}
     bool ManagementServer                         = true                                      {product} {command line}
   size_t MarkStackSize                            = 4194304                                   {product} {ergonomic}
   size_t MaxHeapSize                              = 2124414976                                {product} {ergonomic}
   size_t MaxNewSize                               = 1274019840                                {product} {ergonomic}
   size_t MinHeapDeltaBytes                        = 1048576                                   {product} {ergonomic}
   size_t MinHeapSize                              = 8388608                                   {product} {ergonomic}
    uintx NonNMethodCodeHeapSize                   = 5832780                                {pd product} {ergonomic}
    uintx NonProfiledCodeHeapSize                  = 122912730                              {pd product} {ergonomic}
    uintx ProfiledCodeHeapSize                     = 122912730                              {pd product} {ergonomic}
    uintx ReservedCodeCacheSize                    = 251658240                              {pd product} {ergonomic}
     bool SegmentedCodeCache                       = true                                      {product} {ergonomic}
   size_t SoftMaxHeapSize                          = 2124414976                             {manageable} {ergonomic}
     bool UseCompressedClassPointers               = true                                 {lp64_product} {ergonomic}
     bool UseCompressedOops                        = true                                 {lp64_product} {ergonomic}
     bool UseG1GC                                  = true                                      {product} {ergonomic}
     bool UseLargePagesIndividualAllocation        = false                                  {pd product} {ergonomic}

Logging:
Log output configuration:
 #0: stdout all=warning uptime,level,tags
 #1: stderr all=off uptime,level,tags

Environment Variables:
JAVA_HOME=C:\Program Files\Java\jdk-13.0.2
PATH=C:\Program Files (x86)\Common Files\Oracle\Java\javapath;C:\Program Files\Java\jdk-13.0.2\bin;C:\ProgramData\Oracle\Java\javapath;C:\WINDOWS\system32;C:\WINDOWS;C:\WINDOWS\System32\Wbem;C:\WINDOWS\System32\WindowsPowerShell\v1.0\;C:\Program Files\Intel\WiFi\bin\;C:\Program Files\Common Files\Intel\WirelessCommon\;C:\Program Files (x86)\Skype\Phone\;C:\WINDOWS\System32\OpenSSH\;C:\Program Files (x86)\AMD\ATI.ACE\Core-Static;C:\Program Files\nodejs\;C:\Program Files\Git\cmd;C:\Users\admin\AppData\Local\Microsoft\WindowsApps;C:\Program Files\Intel\WiFi\bin\;C:\Program Files\Common Files\Intel\WirelessCommon\;;C:\Users\admin\AppData\Local\Programs\Microsoft VS Code\bin;C:\Users\admin\AppData\Roaming\npm;C:\Program Files\IBM\Cloud\bin
USERNAME=admin
OS=Windows_NT
PROCESSOR_IDENTIFIER=Intel64 Family 6 Model 69 Stepping 1, GenuineIntel



---------------  S Y S T E M  ---------------

OS: Windows 10 , 64 bit Build 18362 (10.0.18362.959)

CPU:total 4 (initial active 4) (2 cores per cpu, 2 threads per core) family 6 model 69 stepping 1, cmov, cx8, fxsr, mmx, sse, sse2, sse3, ssse3, sse4.1, sse4.2, popcnt, avx, avx2, aes, clmul, erms, lzcnt, ht, tsc, tscinvbit, bmi1, bmi2, fma

Memory: 4k page, system-wide physical 8097M (1637M free)
TotalPageFile size 10145M (AvailPageFile size 121M)
current process WorkingSet (physical memory assigned to process): 145M, peak: 242M
current process commit charge ("private bytes"): 254M, peak: 280M

vm_info: Java HotSpot(TM) 64-Bit Server VM (13.0.2+8) for windows-amd64 JRE (13.0.2+8), built on Dec 11 2019 09:20:33 by "mach5one" with unknown MS VC++:1916

END.
